<?xml version="1.0" encoding="UTF-8"?>
<!-- Generated by org.testng.reporters.JUnitReportReporter -->
<testsuite skipped="0" hostname="DESKTOP-PD-1256" name="automation.Tests.Tests_Placements" tests="1" failures="0" timestamp="05 Mar 2019 10:08:24 GMT" time="82.028" errors="0">
  <testcase name="execute" time="82.028" classname="automation.Tests.Tests_Placements"/>
</testsuite> <!-- automation.Tests.Tests_Placements -->
