<?xml version="1.0" encoding="UTF-8"?>
<!-- Generated by org.testng.reporters.JUnitReportReporter -->
<testsuite skipped="0" hostname="DESKTOP-PD-1256" name="automation.Tests.Tests_clinicalSite" tests="1" failures="0" timestamp="27 Feb 2019 06:38:32 GMT" time="64.174" errors="0">
  <testcase name="Execute" time="64.174" classname="automation.Tests.Tests_clinicalSite"/>
</testsuite> <!-- automation.Tests.Tests_clinicalSite -->
